This file contains any messages produced by compilers while
running configure, to aid debugging if configure makes a mistake.

It was created by configure, which was
generated by GNU Autoconf 2.67.  Invocation command line was

  $ ./configure --host=xenon --prefix=/usr/local/xenon/usr

## --------- ##
## Platform. ##
## --------- ##

hostname = crunchbang
uname -m = i686
uname -r = 2.6.32-5-686
uname -s = Linux
uname -v = #1 SMP Sun May 6 04:01:19 UTC 2012

/usr/bin/uname -p = unknown
/bin/uname -X     = unknown

/bin/arch              = unknown
/usr/bin/arch -k       = unknown
/usr/convex/getsysinfo = unknown
/usr/bin/hostinfo      = unknown
/bin/machine           = unknown
/usr/bin/oslevel       = unknown
/bin/universe          = unknown

PATH: /home/pos/bin
PATH: /usr/sbin
PATH: /sbin
PATH: /usr/local/bin
PATH: /usr/bin
PATH: /bin
PATH: /usr/local/games
PATH: /usr/games
PATH: /usr/local/xenon/bin
PATH: /usr/local/xenon/usr/bin


## ----------- ##
## Core tests. ##
## ----------- ##

configure:2635: checking build system type
configure:2649: result: i686-pc-linux-gnu
configure:2669: checking host system type
configure:2682: result: powerpc64-unknown-elf
configure:2702: checking target system type
configure:2715: result: powerpc64-unknown-elf
configure:2758: checking for a BSD-compatible install
configure:2826: result: /usr/bin/install -c
configure:2837: checking whether build environment is sane
configure:2887: result: yes
configure:2936: checking for xenon-strip
configure:2952: found /usr/local/xenon/bin/xenon-strip
configure:2963: result: xenon-strip
configure:3028: checking for a thread-safe mkdir -p
configure:3067: result: /bin/mkdir -p
configure:3080: checking for gawk
configure:3096: found /usr/bin/gawk
configure:3107: result: gawk
configure:3118: checking whether make sets $(MAKE)
configure:3140: result: yes
configure:3561: checking for style of include used by make
configure:3589: result: GNU
configure:3619: checking for xenon-gcc
configure:3646: result: xenon-gcc
configure:3915: checking for C compiler version
configure:3924: xenon-gcc --version >&5
xenon-gcc (GCC) 4.7.1
Copyright (C) 2012 Free Software Foundation, Inc.
This is free software; see the source for copying conditions.  There is NO
warranty; not even for MERCHANTABILITY or FITNESS FOR A PARTICULAR PURPOSE.

configure:3935: $? = 0
configure:3924: xenon-gcc -v >&5
Using built-in specs.
COLLECT_GCC=xenon-gcc
COLLECT_LTO_WRAPPER=/usr/local/xenon/libexec/gcc/xenon/4.7.1/lto-wrapper
Target: xenon
Configured with: ../gcc-4.7.1/configure --target=xenon --prefix=/usr/local/xenon --with-libiconv-prefix=/opt/local --with-cpu=cell --with-gmp=/opt/local --with-mpfr=/opt/local --disable-decimal-float --disable-libquadmath --enable-languages=c,c++ --disable-libssp --with-newlib --enable-cxx-flags=-G0 --disable-libmudflap --disable-nls --disable-shared --disable-linux-futex --enable-altivec --disable-threads --disable-libgomp --disable-libitm
Thread model: single
gcc version 4.7.1 (GCC) 
configure:3935: $? = 0
configure:3924: xenon-gcc -V >&5
xenon-gcc: error: unrecognized command line option '-V'
xenon-gcc: fatal error: no input files
compilation terminated.
configure:3935: $? = 1
configure:3924: xenon-gcc -qversion >&5
xenon-gcc: error: unrecognized command line option '-qversion'
xenon-gcc: fatal error: no input files
compilation terminated.
configure:3935: $? = 1
configure:3955: checking whether the C compiler works
configure:3977: xenon-gcc -mcpu=cell -mtune=cell -m32 -fno-pic -mpowerpc64 /usr/local/xenon/usr/lib/libxenon.a -L/usr/local/xenon/xenon/lib/32/ -T/usr/local/xenon/app.lds -u read -u _start -u exc_base -L/usr/local/xenon/usr/lib -I/usr/local/xenon/usr/include   conftest.c  >&5
configure:3981: $? = 0
configure:4029: result: yes
configure:4032: checking for C compiler default output file name
configure:4034: result: a.out
configure:4040: checking for suffix of executables
configure:4047: xenon-gcc -o conftest -mcpu=cell -mtune=cell -m32 -fno-pic -mpowerpc64 /usr/local/xenon/usr/lib/libxenon.a -L/usr/local/xenon/xenon/lib/32/ -T/usr/local/xenon/app.lds -u read -u _start -u exc_base -L/usr/local/xenon/usr/lib -I/usr/local/xenon/usr/include   conftest.c  >&5
configure:4051: $? = 0
configure:4073: result: 
configure:4095: checking whether we are cross compiling
configure:4103: xenon-gcc -o conftest -mcpu=cell -mtune=cell -m32 -fno-pic -mpowerpc64 /usr/local/xenon/usr/lib/libxenon.a -L/usr/local/xenon/xenon/lib/32/ -T/usr/local/xenon/app.lds -u read -u _start -u exc_base -L/usr/local/xenon/usr/lib -I/usr/local/xenon/usr/include   conftest.c  >&5
configure:4107: $? = 0
configure:4114: ./conftest
./configure: line 4116: ./conftest: cannot execute binary file
configure:4118: $? = 126
configure:4133: result: yes
configure:4138: checking for suffix of object files
configure:4160: xenon-gcc -c -mcpu=cell -mtune=cell -m32 -fno-pic -mpowerpc64 /usr/local/xenon/usr/lib/libxenon.a -L/usr/local/xenon/xenon/lib/32/ -T/usr/local/xenon/app.lds -u read -u _start -u exc_base -L/usr/local/xenon/usr/lib -I/usr/local/xenon/usr/include  conftest.c >&5
xenon-gcc: warning: /usr/local/xenon/usr/lib/libxenon.a: linker input file unused because linking not done
configure:4164: $? = 0
configure:4185: result: o
configure:4189: checking whether we are using the GNU C compiler
configure:4208: xenon-gcc -c -mcpu=cell -mtune=cell -m32 -fno-pic -mpowerpc64 /usr/local/xenon/usr/lib/libxenon.a -L/usr/local/xenon/xenon/lib/32/ -T/usr/local/xenon/app.lds -u read -u _start -u exc_base -L/usr/local/xenon/usr/lib -I/usr/local/xenon/usr/include  conftest.c >&5
xenon-gcc: warning: /usr/local/xenon/usr/lib/libxenon.a: linker input file unused because linking not done
configure:4208: $? = 0
configure:4217: result: yes
configure:4226: checking whether xenon-gcc accepts -g
configure:4246: xenon-gcc -c -g  conftest.c >&5
configure:4246: $? = 0
configure:4287: result: yes
configure:4304: checking for xenon-gcc option to accept ISO C89
configure:4368: xenon-gcc  -c -mcpu=cell -mtune=cell -m32 -fno-pic -mpowerpc64 /usr/local/xenon/usr/lib/libxenon.a -L/usr/local/xenon/xenon/lib/32/ -T/usr/local/xenon/app.lds -u read -u _start -u exc_base -L/usr/local/xenon/usr/lib -I/usr/local/xenon/usr/include  conftest.c >&5
xenon-gcc: warning: /usr/local/xenon/usr/lib/libxenon.a: linker input file unused because linking not done
configure:4368: $? = 0
configure:4381: result: none needed
configure:4403: checking dependency style of xenon-gcc
configure:4513: result: gcc3
configure:4528: checking for a sed that does not truncate output
configure:4592: result: /bin/sed
configure:4610: checking for grep that handles long lines and -e
configure:4668: result: /bin/grep
configure:4673: checking for egrep
configure:4735: result: /bin/grep -E
configure:4740: checking for fgrep
configure:4802: result: /bin/grep -F
configure:4837: checking for ld used by xenon-gcc
configure:4904: result: /usr/local/xenon/xenon/bin/ld
configure:4911: checking if the linker (/usr/local/xenon/xenon/bin/ld) is GNU ld
configure:4926: result: yes
configure:4938: checking for BSD- or MS-compatible name lister (nm)
configure:4987: result: /usr/local/xenon/bin/xenon-nm -B
configure:5105: checking the name lister (/usr/local/xenon/bin/xenon-nm -B) interface
configure:5112: xenon-gcc -c -mcpu=cell -mtune=cell -m32 -fno-pic -mpowerpc64 /usr/local/xenon/usr/lib/libxenon.a -L/usr/local/xenon/xenon/lib/32/ -T/usr/local/xenon/app.lds -u read -u _start -u exc_base -L/usr/local/xenon/usr/lib -I/usr/local/xenon/usr/include  conftest.c >&5
xenon-gcc: warning: /usr/local/xenon/usr/lib/libxenon.a: linker input file unused because linking not done
configure:5115: /usr/local/xenon/bin/xenon-nm -B "conftest.o"
configure:5118: output
00000000 S some_variable
configure:5125: result: BSD nm
configure:5128: checking whether ln -s works
configure:5132: result: yes
configure:5140: checking the maximum length of command line arguments
configure:5260: result: 1572864
configure:5277: checking whether the shell understands some XSI constructs
configure:5287: result: yes
configure:5291: checking whether the shell understands "+="
configure:5297: result: yes
configure:5332: checking for /usr/local/xenon/xenon/bin/ld option to reload object files
configure:5339: result: -r
configure:5368: checking for xenon-objdump
configure:5395: result: objdump
configure:5464: checking how to recognize dependent libraries
configure:5660: result: unknown
configure:5680: checking for xenon-ar
configure:5696: found /usr/local/xenon/bin/xenon-ar
configure:5707: result: xenon-ar
configure:5785: checking for xenon-strip
configure:5812: result: xenon-strip
configure:5884: checking for xenon-ranlib
configure:5900: found /usr/local/xenon/bin/xenon-ranlib
configure:5911: result: xenon-ranlib
configure:6041: checking command to parse /usr/local/xenon/bin/xenon-nm -B output from xenon-gcc object
configure:6159: xenon-gcc -c -mcpu=cell -mtune=cell -m32 -fno-pic -mpowerpc64 /usr/local/xenon/usr/lib/libxenon.a -L/usr/local/xenon/xenon/lib/32/ -T/usr/local/xenon/app.lds -u read -u _start -u exc_base -L/usr/local/xenon/usr/lib -I/usr/local/xenon/usr/include  conftest.c >&5
xenon-gcc: warning: /usr/local/xenon/usr/lib/libxenon.a: linker input file unused because linking not done
configure:6162: $? = 0
configure:6166: /usr/local/xenon/bin/xenon-nm -B conftest.o \| sed -n -e 's/^.*[	 ]\([ABCDGIRSTW][ABCDGIRSTW]*\)[	 ][	 ]*\([_A-Za-z][_A-Za-z0-9]*\)$/\1 \2 \2/p' \> conftest.nm
configure:6169: $? = 0
configure:6223: xenon-gcc -o conftest -mcpu=cell -mtune=cell -m32 -fno-pic -mpowerpc64 /usr/local/xenon/usr/lib/libxenon.a -L/usr/local/xenon/xenon/lib/32/ -T/usr/local/xenon/app.lds -u read -u _start -u exc_base -L/usr/local/xenon/usr/lib -I/usr/local/xenon/usr/include   conftest.c conftstm.o >&5
configure:6226: $? = 0
configure:6264: result: ok
configure:7073: checking how to run the C preprocessor
configure:7104: xenon-gcc -E  conftest.c
configure:7104: $? = 0
configure:7118: xenon-gcc -E  conftest.c
conftest.c:11:28: fatal error: ac_nonexistent.h: No such file or directory
compilation terminated.
configure:7118: $? = 1
configure: failed program was:
| /* confdefs.h */
| #define PACKAGE_NAME ""
| #define PACKAGE_TARNAME ""
| #define PACKAGE_VERSION ""
| #define PACKAGE_STRING ""
| #define PACKAGE_BUGREPORT ""
| #define PACKAGE_URL ""
| #define PACKAGE "SDL_gfx"
| #define VERSION "2.0.25"
| /* end confdefs.h.  */
| #include <ac_nonexistent.h>
configure:7143: result: xenon-gcc -E
configure:7163: xenon-gcc -E  conftest.c
configure:7163: $? = 0
configure:7177: xenon-gcc -E  conftest.c
conftest.c:11:28: fatal error: ac_nonexistent.h: No such file or directory
compilation terminated.
configure:7177: $? = 1
configure: failed program was:
| /* confdefs.h */
| #define PACKAGE_NAME ""
| #define PACKAGE_TARNAME ""
| #define PACKAGE_VERSION ""
| #define PACKAGE_STRING ""
| #define PACKAGE_BUGREPORT ""
| #define PACKAGE_URL ""
| #define PACKAGE "SDL_gfx"
| #define VERSION "2.0.25"
| /* end confdefs.h.  */
| #include <ac_nonexistent.h>
configure:7206: checking for ANSI C header files
configure:7226: xenon-gcc -c -mcpu=cell -mtune=cell -m32 -fno-pic -mpowerpc64 /usr/local/xenon/usr/lib/libxenon.a -L/usr/local/xenon/xenon/lib/32/ -T/usr/local/xenon/app.lds -u read -u _start -u exc_base -L/usr/local/xenon/usr/lib -I/usr/local/xenon/usr/include  conftest.c >&5
xenon-gcc: warning: /usr/local/xenon/usr/lib/libxenon.a: linker input file unused because linking not done
configure:7226: $? = 0
configure:7310: result: yes
configure:7323: checking for sys/types.h
configure:7323: xenon-gcc -c -mcpu=cell -mtune=cell -m32 -fno-pic -mpowerpc64 /usr/local/xenon/usr/lib/libxenon.a -L/usr/local/xenon/xenon/lib/32/ -T/usr/local/xenon/app.lds -u read -u _start -u exc_base -L/usr/local/xenon/usr/lib -I/usr/local/xenon/usr/include  conftest.c >&5
xenon-gcc: warning: /usr/local/xenon/usr/lib/libxenon.a: linker input file unused because linking not done
configure:7323: $? = 0
configure:7323: result: yes
configure:7323: checking for sys/stat.h
configure:7323: xenon-gcc -c -mcpu=cell -mtune=cell -m32 -fno-pic -mpowerpc64 /usr/local/xenon/usr/lib/libxenon.a -L/usr/local/xenon/xenon/lib/32/ -T/usr/local/xenon/app.lds -u read -u _start -u exc_base -L/usr/local/xenon/usr/lib -I/usr/local/xenon/usr/include  conftest.c >&5
xenon-gcc: warning: /usr/local/xenon/usr/lib/libxenon.a: linker input file unused because linking not done
configure:7323: $? = 0
configure:7323: result: yes
configure:7323: checking for stdlib.h
configure:7323: xenon-gcc -c -mcpu=cell -mtune=cell -m32 -fno-pic -mpowerpc64 /usr/local/xenon/usr/lib/libxenon.a -L/usr/local/xenon/xenon/lib/32/ -T/usr/local/xenon/app.lds -u read -u _start -u exc_base -L/usr/local/xenon/usr/lib -I/usr/local/xenon/usr/include  conftest.c >&5
xenon-gcc: warning: /usr/local/xenon/usr/lib/libxenon.a: linker input file unused because linking not done
configure:7323: $? = 0
configure:7323: result: yes
configure:7323: checking for string.h
configure:7323: xenon-gcc -c -mcpu=cell -mtune=cell -m32 -fno-pic -mpowerpc64 /usr/local/xenon/usr/lib/libxenon.a -L/usr/local/xenon/xenon/lib/32/ -T/usr/local/xenon/app.lds -u read -u _start -u exc_base -L/usr/local/xenon/usr/lib -I/usr/local/xenon/usr/include  conftest.c >&5
xenon-gcc: warning: /usr/local/xenon/usr/lib/libxenon.a: linker input file unused because linking not done
configure:7323: $? = 0
configure:7323: result: yes
configure:7323: checking for memory.h
configure:7323: xenon-gcc -c -mcpu=cell -mtune=cell -m32 -fno-pic -mpowerpc64 /usr/local/xenon/usr/lib/libxenon.a -L/usr/local/xenon/xenon/lib/32/ -T/usr/local/xenon/app.lds -u read -u _start -u exc_base -L/usr/local/xenon/usr/lib -I/usr/local/xenon/usr/include  conftest.c >&5
conftest.c:50:20: fatal error: memory.h: No such file or directory
compilation terminated.
configure:7323: $? = 1
configure: failed program was:
| /* confdefs.h */
| #define PACKAGE_NAME ""
| #define PACKAGE_TARNAME ""
| #define PACKAGE_VERSION ""
| #define PACKAGE_STRING ""
| #define PACKAGE_BUGREPORT ""
| #define PACKAGE_URL ""
| #define PACKAGE "SDL_gfx"
| #define VERSION "2.0.25"
| #define STDC_HEADERS 1
| #define HAVE_SYS_TYPES_H 1
| #define HAVE_SYS_STAT_H 1
| #define HAVE_STDLIB_H 1
| #define HAVE_STRING_H 1
| /* end confdefs.h.  */
| #include <stdio.h>
| #ifdef HAVE_SYS_TYPES_H
| # include <sys/types.h>
| #endif
| #ifdef HAVE_SYS_STAT_H
| # include <sys/stat.h>
| #endif
| #ifdef STDC_HEADERS
| # include <stdlib.h>
| # include <stddef.h>
| #else
| # ifdef HAVE_STDLIB_H
| #  include <stdlib.h>
| # endif
| #endif
| #ifdef HAVE_STRING_H
| # if !defined STDC_HEADERS && defined HAVE_MEMORY_H
| #  include <memory.h>
| # endif
| # include <string.h>
| #endif
| #ifdef HAVE_STRINGS_H
| # include <strings.h>
| #endif
| #ifdef HAVE_INTTYPES_H
| # include <inttypes.h>
| #endif
| #ifdef HAVE_STDINT_H
| # include <stdint.h>
| #endif
| #ifdef HAVE_UNISTD_H
| # include <unistd.h>
| #endif
| 
| #include <memory.h>
configure:7323: result: no
configure:7323: checking for strings.h
configure:7323: xenon-gcc -c -mcpu=cell -mtune=cell -m32 -fno-pic -mpowerpc64 /usr/local/xenon/usr/lib/libxenon.a -L/usr/local/xenon/xenon/lib/32/ -T/usr/local/xenon/app.lds -u read -u _start -u exc_base -L/usr/local/xenon/usr/lib -I/usr/local/xenon/usr/include  conftest.c >&5
xenon-gcc: warning: /usr/local/xenon/usr/lib/libxenon.a: linker input file unused because linking not done
configure:7323: $? = 0
configure:7323: result: yes
configure:7323: checking for inttypes.h
configure:7323: xenon-gcc -c -mcpu=cell -mtune=cell -m32 -fno-pic -mpowerpc64 /usr/local/xenon/usr/lib/libxenon.a -L/usr/local/xenon/xenon/lib/32/ -T/usr/local/xenon/app.lds -u read -u _start -u exc_base -L/usr/local/xenon/usr/lib -I/usr/local/xenon/usr/include  conftest.c >&5
xenon-gcc: warning: /usr/local/xenon/usr/lib/libxenon.a: linker input file unused because linking not done
configure:7323: $? = 0
configure:7323: result: yes
configure:7323: checking for stdint.h
configure:7323: xenon-gcc -c -mcpu=cell -mtune=cell -m32 -fno-pic -mpowerpc64 /usr/local/xenon/usr/lib/libxenon.a -L/usr/local/xenon/xenon/lib/32/ -T/usr/local/xenon/app.lds -u read -u _start -u exc_base -L/usr/local/xenon/usr/lib -I/usr/local/xenon/usr/include  conftest.c >&5
xenon-gcc: warning: /usr/local/xenon/usr/lib/libxenon.a: linker input file unused because linking not done
configure:7323: $? = 0
configure:7323: result: yes
configure:7323: checking for unistd.h
configure:7323: xenon-gcc -c -mcpu=cell -mtune=cell -m32 -fno-pic -mpowerpc64 /usr/local/xenon/usr/lib/libxenon.a -L/usr/local/xenon/xenon/lib/32/ -T/usr/local/xenon/app.lds -u read -u _start -u exc_base -L/usr/local/xenon/usr/lib -I/usr/local/xenon/usr/include  conftest.c >&5
xenon-gcc: warning: /usr/local/xenon/usr/lib/libxenon.a: linker input file unused because linking not done
configure:7323: $? = 0
configure:7323: result: yes
configure:7337: checking for dlfcn.h
configure:7337: xenon-gcc -c -mcpu=cell -mtune=cell -m32 -fno-pic -mpowerpc64 /usr/local/xenon/usr/lib/libxenon.a -L/usr/local/xenon/xenon/lib/32/ -T/usr/local/xenon/app.lds -u read -u _start -u exc_base -L/usr/local/xenon/usr/lib -I/usr/local/xenon/usr/include  conftest.c >&5
conftest.c:54:19: fatal error: dlfcn.h: No such file or directory
compilation terminated.
configure:7337: $? = 1
configure: failed program was:
| /* confdefs.h */
| #define PACKAGE_NAME ""
| #define PACKAGE_TARNAME ""
| #define PACKAGE_VERSION ""
| #define PACKAGE_STRING ""
| #define PACKAGE_BUGREPORT ""
| #define PACKAGE_URL ""
| #define PACKAGE "SDL_gfx"
| #define VERSION "2.0.25"
| #define STDC_HEADERS 1
| #define HAVE_SYS_TYPES_H 1
| #define HAVE_SYS_STAT_H 1
| #define HAVE_STDLIB_H 1
| #define HAVE_STRING_H 1
| #define HAVE_STRINGS_H 1
| #define HAVE_INTTYPES_H 1
| #define HAVE_STDINT_H 1
| #define HAVE_UNISTD_H 1
| /* end confdefs.h.  */
| #include <stdio.h>
| #ifdef HAVE_SYS_TYPES_H
| # include <sys/types.h>
| #endif
| #ifdef HAVE_SYS_STAT_H
| # include <sys/stat.h>
| #endif
| #ifdef STDC_HEADERS
| # include <stdlib.h>
| # include <stddef.h>
| #else
| # ifdef HAVE_STDLIB_H
| #  include <stdlib.h>
| # endif
| #endif
| #ifdef HAVE_STRING_H
| # if !defined STDC_HEADERS && defined HAVE_MEMORY_H
| #  include <memory.h>
| # endif
| # include <string.h>
| #endif
| #ifdef HAVE_STRINGS_H
| # include <strings.h>
| #endif
| #ifdef HAVE_INTTYPES_H
| # include <inttypes.h>
| #endif
| #ifdef HAVE_STDINT_H
| # include <stdint.h>
| #endif
| #ifdef HAVE_UNISTD_H
| # include <unistd.h>
| #endif
| 
| #include <dlfcn.h>
configure:7337: result: no
configure:7519: checking for objdir
configure:7534: result: .libs
configure:7826: checking if xenon-gcc supports -fno-rtti -fno-exceptions
configure:7844: xenon-gcc -c -mcpu=cell -mtune=cell -m32 -fno-pic -mpowerpc64 /usr/local/xenon/usr/lib/libxenon.a -L/usr/local/xenon/xenon/lib/32/ -T/usr/local/xenon/app.lds -u read -u _start -u exc_base -L/usr/local/xenon/usr/lib -I/usr/local/xenon/usr/include  -fno-rtti -fno-exceptions conftest.c >&5
cc1: warning: command line option '-fno-rtti' is valid for C++/ObjC++ but not for C [enabled by default]
xenon-gcc: warning: /usr/local/xenon/usr/lib/libxenon.a: linker input file unused because linking not done
configure:7848: $? = 0
configure:7861: result: no
configure:7881: checking for xenon-gcc option to produce PIC
configure:8153: result: -fPIC -DPIC
configure:8165: checking if xenon-gcc PIC flag -fPIC -DPIC works
configure:8183: xenon-gcc -c -mcpu=cell -mtune=cell -m32 -fno-pic -mpowerpc64 /usr/local/xenon/usr/lib/libxenon.a -L/usr/local/xenon/xenon/lib/32/ -T/usr/local/xenon/app.lds -u read -u _start -u exc_base -L/usr/local/xenon/usr/lib -I/usr/local/xenon/usr/include  -fPIC -DPIC -DPIC conftest.c >&5
xenon-gcc: warning: /usr/local/xenon/usr/lib/libxenon.a: linker input file unused because linking not done
configure:8187: $? = 0
configure:8200: result: yes
configure:8224: checking if xenon-gcc static flag -static works
configure:8252: result: yes
configure:8267: checking if xenon-gcc supports -c -o file.o
configure:8288: xenon-gcc -c -mcpu=cell -mtune=cell -m32 -fno-pic -mpowerpc64 /usr/local/xenon/usr/lib/libxenon.a -L/usr/local/xenon/xenon/lib/32/ -T/usr/local/xenon/app.lds -u read -u _start -u exc_base -L/usr/local/xenon/usr/lib -I/usr/local/xenon/usr/include  -o out/conftest2.o conftest.c >&5
xenon-gcc: warning: /usr/local/xenon/usr/lib/libxenon.a: linker input file unused because linking not done
configure:8292: $? = 0
configure:8314: result: yes
configure:8322: checking if xenon-gcc supports -c -o file.o
configure:8369: result: yes
configure:8402: checking whether the xenon-gcc linker (/usr/local/xenon/xenon/bin/ld) supports shared libraries
configure:9393: result: yes
configure:9430: checking whether -lc should be explicitly linked in
configure:9435: xenon-gcc -c -mcpu=cell -mtune=cell -m32 -fno-pic -mpowerpc64 /usr/local/xenon/usr/lib/libxenon.a -L/usr/local/xenon/xenon/lib/32/ -T/usr/local/xenon/app.lds -u read -u _start -u exc_base -L/usr/local/xenon/usr/lib -I/usr/local/xenon/usr/include  conftest.c >&5
xenon-gcc: warning: /usr/local/xenon/usr/lib/libxenon.a: linker input file unused because linking not done
configure:9438: $? = 0
configure:9453: xenon-gcc -shared conftest.o  -v -Wl,-soname -Wl,conftest -o conftest 2\>\&1 \| /bin/grep  -lc  \>/dev/null 2\>\&1
configure:9456: $? = 0
configure:9468: result: no
configure:9632: checking dynamic linker characteristics
configure:10295: result: no
configure:10397: checking how to hardcode library paths into programs
configure:10422: result: immediate
configure:10942: checking whether stripping libraries is possible
configure:10947: result: yes
configure:10982: checking if libtool supports shared libraries
configure:10984: result: no
configure:10987: checking whether to build shared libraries
configure:11008: result: no
configure:11011: checking whether to build static libraries
configure:11015: result: yes
configure:11050: checking whether make sets $(MAKE)
configure:11072: result: yes
configure:11089: checking for xenon-gcc
configure:11116: result: xenon-gcc
configure:11385: checking for C compiler version
configure:11394: xenon-gcc --version >&5
xenon-gcc (GCC) 4.7.1
Copyright (C) 2012 Free Software Foundation, Inc.
This is free software; see the source for copying conditions.  There is NO
warranty; not even for MERCHANTABILITY or FITNESS FOR A PARTICULAR PURPOSE.

configure:11405: $? = 0
configure:11394: xenon-gcc -v >&5
Using built-in specs.
COLLECT_GCC=xenon-gcc
COLLECT_LTO_WRAPPER=/usr/local/xenon/libexec/gcc/xenon/4.7.1/lto-wrapper
Target: xenon
Configured with: ../gcc-4.7.1/configure --target=xenon --prefix=/usr/local/xenon --with-libiconv-prefix=/opt/local --with-cpu=cell --with-gmp=/opt/local --with-mpfr=/opt/local --disable-decimal-float --disable-libquadmath --enable-languages=c,c++ --disable-libssp --with-newlib --enable-cxx-flags=-G0 --disable-libmudflap --disable-nls --disable-shared --disable-linux-futex --enable-altivec --disable-threads --disable-libgomp --disable-libitm
Thread model: single
gcc version 4.7.1 (GCC) 
configure:11405: $? = 0
configure:11394: xenon-gcc -V >&5
xenon-gcc: error: unrecognized command line option '-V'
xenon-gcc: fatal error: no input files
compilation terminated.
configure:11405: $? = 1
configure:11394: xenon-gcc -qversion >&5
xenon-gcc: error: unrecognized command line option '-qversion'
xenon-gcc: fatal error: no input files
compilation terminated.
configure:11405: $? = 1
configure:11409: checking whether we are using the GNU C compiler
configure:11437: result: yes
configure:11446: checking whether xenon-gcc accepts -g
configure:11507: result: yes
configure:11524: checking for xenon-gcc option to accept ISO C89
configure:11601: result: none needed
configure:11623: checking dependency style of xenon-gcc
configure:11733: result: gcc3
configure:11762: checking for xenon-g++
configure:11778: found /usr/local/xenon/bin/xenon-g++
configure:11789: result: xenon-g++
configure:11860: checking for C++ compiler version
configure:11869: xenon-g++ --version >&5
xenon-g++ (GCC) 4.7.1
Copyright (C) 2012 Free Software Foundation, Inc.
This is free software; see the source for copying conditions.  There is NO
warranty; not even for MERCHANTABILITY or FITNESS FOR A PARTICULAR PURPOSE.

configure:11880: $? = 0
configure:11869: xenon-g++ -v >&5
Using built-in specs.
COLLECT_GCC=xenon-g++
COLLECT_LTO_WRAPPER=/usr/local/xenon/libexec/gcc/xenon/4.7.1/lto-wrapper
Target: xenon
Configured with: ../gcc-4.7.1/configure --target=xenon --prefix=/usr/local/xenon --with-libiconv-prefix=/opt/local --with-cpu=cell --with-gmp=/opt/local --with-mpfr=/opt/local --disable-decimal-float --disable-libquadmath --enable-languages=c,c++ --disable-libssp --with-newlib --enable-cxx-flags=-G0 --disable-libmudflap --disable-nls --disable-shared --disable-linux-futex --enable-altivec --disable-threads --disable-libgomp --disable-libitm
Thread model: single
gcc version 4.7.1 (GCC) 
configure:11880: $? = 0
configure:11869: xenon-g++ -V >&5
xenon-g++: error: unrecognized command line option '-V'
xenon-g++: fatal error: no input files
compilation terminated.
configure:11880: $? = 1
configure:11869: xenon-g++ -qversion >&5
xenon-g++: error: unrecognized command line option '-qversion'
xenon-g++: fatal error: no input files
compilation terminated.
configure:11880: $? = 1
configure:11884: checking whether we are using the GNU C++ compiler
configure:11903: xenon-g++ -c   conftest.cpp >&5
configure:11903: $? = 0
configure:11912: result: yes
configure:11921: checking whether xenon-g++ accepts -g
configure:11941: xenon-g++ -c -g  conftest.cpp >&5
configure:11941: $? = 0
configure:11982: result: yes
configure:12007: checking dependency style of xenon-g++
configure:12117: result: gcc3
configure:12245: checking for C++ compiler version
configure:12254: xenon-g++ --version >&5
xenon-g++ (GCC) 4.7.1
Copyright (C) 2012 Free Software Foundation, Inc.
This is free software; see the source for copying conditions.  There is NO
warranty; not even for MERCHANTABILITY or FITNESS FOR A PARTICULAR PURPOSE.

configure:12265: $? = 0
configure:12254: xenon-g++ -v >&5
Using built-in specs.
COLLECT_GCC=xenon-g++
COLLECT_LTO_WRAPPER=/usr/local/xenon/libexec/gcc/xenon/4.7.1/lto-wrapper
Target: xenon
Configured with: ../gcc-4.7.1/configure --target=xenon --prefix=/usr/local/xenon --with-libiconv-prefix=/opt/local --with-cpu=cell --with-gmp=/opt/local --with-mpfr=/opt/local --disable-decimal-float --disable-libquadmath --enable-languages=c,c++ --disable-libssp --with-newlib --enable-cxx-flags=-G0 --disable-libmudflap --disable-nls --disable-shared --disable-linux-futex --enable-altivec --disable-threads --disable-libgomp --disable-libitm
Thread model: single
gcc version 4.7.1 (GCC) 
configure:12265: $? = 0
configure:12254: xenon-g++ -V >&5
xenon-g++: error: unrecognized command line option '-V'
xenon-g++: fatal error: no input files
compilation terminated.
configure:12265: $? = 1
configure:12254: xenon-g++ -qversion >&5
xenon-g++: error: unrecognized command line option '-qversion'
xenon-g++: fatal error: no input files
compilation terminated.
configure:12265: $? = 1
configure:12269: checking whether we are using the GNU C++ compiler
configure:12297: result: yes
configure:12306: checking whether xenon-g++ accepts -g
configure:12367: result: yes
configure:12392: checking dependency style of xenon-g++
configure:12502: result: gcc3
configure:12525: checking how to run the C++ preprocessor
configure:12552: xenon-g++ -E  conftest.cpp
configure:12552: $? = 0
configure:12566: xenon-g++ -E  conftest.cpp
conftest.cpp:21:28: fatal error: ac_nonexistent.h: No such file or directory
compilation terminated.
configure:12566: $? = 1
configure: failed program was:
| /* confdefs.h */
| #define PACKAGE_NAME ""
| #define PACKAGE_TARNAME ""
| #define PACKAGE_VERSION ""
| #define PACKAGE_STRING ""
| #define PACKAGE_BUGREPORT ""
| #define PACKAGE_URL ""
| #define PACKAGE "SDL_gfx"
| #define VERSION "2.0.25"
| #define STDC_HEADERS 1
| #define HAVE_SYS_TYPES_H 1
| #define HAVE_SYS_STAT_H 1
| #define HAVE_STDLIB_H 1
| #define HAVE_STRING_H 1
| #define HAVE_STRINGS_H 1
| #define HAVE_INTTYPES_H 1
| #define HAVE_STDINT_H 1
| #define HAVE_UNISTD_H 1
| #define LT_OBJDIR ".libs/"
| /* end confdefs.h.  */
| #include <ac_nonexistent.h>
configure:12591: result: xenon-g++ -E
configure:12611: xenon-g++ -E  conftest.cpp
configure:12611: $? = 0
configure:12625: xenon-g++ -E  conftest.cpp
conftest.cpp:21:28: fatal error: ac_nonexistent.h: No such file or directory
compilation terminated.
configure:12625: $? = 1
configure: failed program was:
| /* confdefs.h */
| #define PACKAGE_NAME ""
| #define PACKAGE_TARNAME ""
| #define PACKAGE_VERSION ""
| #define PACKAGE_STRING ""
| #define PACKAGE_BUGREPORT ""
| #define PACKAGE_URL ""
| #define PACKAGE "SDL_gfx"
| #define VERSION "2.0.25"
| #define STDC_HEADERS 1
| #define HAVE_SYS_TYPES_H 1
| #define HAVE_SYS_STAT_H 1
| #define HAVE_STDLIB_H 1
| #define HAVE_STRING_H 1
| #define HAVE_STRINGS_H 1
| #define HAVE_INTTYPES_H 1
| #define HAVE_STDINT_H 1
| #define HAVE_UNISTD_H 1
| #define LT_OBJDIR ".libs/"
| /* end confdefs.h.  */
| #include <ac_nonexistent.h>
configure:12793: checking for ld used by xenon-g++
configure:12860: result: /usr/local/xenon/xenon/bin/ld
configure:12867: checking if the linker (/usr/local/xenon/xenon/bin/ld) is GNU ld
configure:12882: result: yes
configure:12937: checking whether the xenon-g++ linker (/usr/local/xenon/xenon/bin/ld) supports shared libraries
configure:13850: result: no
configure:13878: xenon-g++ -c -g -O2  conftest.cpp >&5
configure:13881: $? = 0
configure:14063: checking for xenon-g++ option to produce PIC
configure:14380: result: -fPIC -DPIC
configure:14389: checking if xenon-g++ PIC flag -fPIC -DPIC works
configure:14407: xenon-g++ -c -g -O2  -fPIC -DPIC -DPIC conftest.cpp >&5
configure:14411: $? = 0
configure:14424: result: yes
configure:14445: checking if xenon-g++ static flag -static works
configure:14473: result: no
configure:14485: checking if xenon-g++ supports -c -o file.o
configure:14506: xenon-g++ -c -g -O2  -o out/conftest2.o conftest.cpp >&5
configure:14510: $? = 0
configure:14532: result: yes
configure:14537: checking if xenon-g++ supports -c -o file.o
configure:14584: result: yes
configure:14614: checking whether the xenon-g++ linker (/usr/local/xenon/xenon/bin/ld) supports shared libraries
configure:14643: result: no
configure:14780: checking dynamic linker characteristics
configure:15391: result: no
configure:15442: checking how to hardcode library paths into programs
configure:15467: result: immediate
configure:15508: checking for an ANSI C-conforming const
configure:15573: xenon-gcc -c -mcpu=cell -mtune=cell -m32 -fno-pic -mpowerpc64 /usr/local/xenon/usr/lib/libxenon.a -L/usr/local/xenon/xenon/lib/32/ -T/usr/local/xenon/app.lds -u read -u _start -u exc_base -L/usr/local/xenon/usr/lib -I/usr/local/xenon/usr/include  conftest.c >&5
xenon-gcc: warning: /usr/local/xenon/usr/lib/libxenon.a: linker input file unused because linking not done
configure:15573: $? = 0
configure:15580: result: yes
configure:15625: checking for X
configure:15733: xenon-gcc -E  conftest.c
conftest.c:21:22: fatal error: X11/Xlib.h: No such file or directory
compilation terminated.
configure:15733: $? = 1
configure: failed program was:
| /* confdefs.h */
| #define PACKAGE_NAME ""
| #define PACKAGE_TARNAME ""
| #define PACKAGE_VERSION ""
| #define PACKAGE_STRING ""
| #define PACKAGE_BUGREPORT ""
| #define PACKAGE_URL ""
| #define PACKAGE "SDL_gfx"
| #define VERSION "2.0.25"
| #define STDC_HEADERS 1
| #define HAVE_SYS_TYPES_H 1
| #define HAVE_SYS_STAT_H 1
| #define HAVE_STDLIB_H 1
| #define HAVE_STRING_H 1
| #define HAVE_STRINGS_H 1
| #define HAVE_INTTYPES_H 1
| #define HAVE_STDINT_H 1
| #define HAVE_UNISTD_H 1
| #define LT_OBJDIR ".libs/"
| /* end confdefs.h.  */
| #include <X11/Xlib.h>
configure:15764: xenon-gcc -o conftest -mcpu=cell -mtune=cell -m32 -fno-pic -mpowerpc64 /usr/local/xenon/usr/lib/libxenon.a -L/usr/local/xenon/xenon/lib/32/ -T/usr/local/xenon/app.lds -u read -u _start -u exc_base -L/usr/local/xenon/usr/lib -I/usr/local/xenon/usr/include   conftest.c -lX11  >&5
conftest.c:21:22: fatal error: X11/Xlib.h: No such file or directory
compilation terminated.
configure:15764: $? = 1
configure: failed program was:
| /* confdefs.h */
| #define PACKAGE_NAME ""
| #define PACKAGE_TARNAME ""
| #define PACKAGE_VERSION ""
| #define PACKAGE_STRING ""
| #define PACKAGE_BUGREPORT ""
| #define PACKAGE_URL ""
| #define PACKAGE "SDL_gfx"
| #define VERSION "2.0.25"
| #define STDC_HEADERS 1
| #define HAVE_SYS_TYPES_H 1
| #define HAVE_SYS_STAT_H 1
| #define HAVE_STDLIB_H 1
| #define HAVE_STRING_H 1
| #define HAVE_STRINGS_H 1
| #define HAVE_INTTYPES_H 1
| #define HAVE_STDINT_H 1
| #define HAVE_UNISTD_H 1
| #define LT_OBJDIR ".libs/"
| /* end confdefs.h.  */
| #include <X11/Xlib.h>
| int
| main ()
| {
| XrmInitialize ()
|   ;
|   return 0;
| }
configure:15814: result: libraries /usr/lib, headers /usr/include
configure:15834: checking whether -R must be followed by a space
configure:15850: xenon-gcc -o conftest -mcpu=cell -mtune=cell -m32 -fno-pic -mpowerpc64 /usr/local/xenon/usr/lib/libxenon.a -L/usr/local/xenon/xenon/lib/32/ -T/usr/local/xenon/app.lds -u read -u _start -u exc_base -L/usr/local/xenon/usr/lib -I/usr/local/xenon/usr/include   conftest.c  -R/usr/lib >&5
configure:15850: $? = 0
configure:15851: result: no
configure:15913: xenon-gcc -o conftest -mcpu=cell -mtune=cell -m32 -fno-pic -mpowerpc64 /usr/local/xenon/usr/lib/libxenon.a -L/usr/local/xenon/xenon/lib/32/ -T/usr/local/xenon/app.lds -u read -u _start -u exc_base -L/usr/local/xenon/usr/lib -I/usr/local/xenon/usr/include   conftest.c   -L/usr/lib -R/usr/lib -lX11 >&5
/usr/local/xenon/lib/gcc/xenon/4.7.1/../../../../xenon/bin/ld: skipping incompatible /usr/lib/libX11.so when searching for -lX11
/usr/local/xenon/lib/gcc/xenon/4.7.1/../../../../xenon/bin/ld: skipping incompatible /usr/lib/libX11.a when searching for -lX11
/usr/local/xenon/lib/gcc/xenon/4.7.1/../../../../xenon/bin/ld: cannot find -lX11
collect2: error: ld returned 1 exit status
configure:15913: $? = 1
configure: failed program was:
| /* confdefs.h */
| #define PACKAGE_NAME ""
| #define PACKAGE_TARNAME ""
| #define PACKAGE_VERSION ""
| #define PACKAGE_STRING ""
| #define PACKAGE_BUGREPORT ""
| #define PACKAGE_URL ""
| #define PACKAGE "SDL_gfx"
| #define VERSION "2.0.25"
| #define STDC_HEADERS 1
| #define HAVE_SYS_TYPES_H 1
| #define HAVE_SYS_STAT_H 1
| #define HAVE_STDLIB_H 1
| #define HAVE_STRING_H 1
| #define HAVE_STRINGS_H 1
| #define HAVE_INTTYPES_H 1
| #define HAVE_STDINT_H 1
| #define HAVE_UNISTD_H 1
| #define LT_OBJDIR ".libs/"
| /* end confdefs.h.  */
| 
| /* Override any GCC internal prototype to avoid an error.
|    Use char because int might match the return type of a GCC
|    builtin and then its argument prototype would still apply.  */
| #ifdef __cplusplus
| extern "C"
| #endif
| char XOpenDisplay ();
| int
| main ()
| {
| return XOpenDisplay ();
|   ;
|   return 0;
| }
configure:15916: checking for dnet_ntoa in -ldnet
configure:15941: xenon-gcc -o conftest -mcpu=cell -mtune=cell -m32 -fno-pic -mpowerpc64 /usr/local/xenon/usr/lib/libxenon.a -L/usr/local/xenon/xenon/lib/32/ -T/usr/local/xenon/app.lds -u read -u _start -u exc_base -L/usr/local/xenon/usr/lib -I/usr/local/xenon/usr/include   conftest.c -ldnet    -L/usr/lib -R/usr/lib -lX11 >&5
/usr/local/xenon/lib/gcc/xenon/4.7.1/../../../../xenon/bin/ld: cannot find -ldnet
/usr/local/xenon/lib/gcc/xenon/4.7.1/../../../../xenon/bin/ld: skipping incompatible /usr/lib/libX11.so when searching for -lX11
/usr/local/xenon/lib/gcc/xenon/4.7.1/../../../../xenon/bin/ld: skipping incompatible /usr/lib/libX11.a when searching for -lX11
/usr/local/xenon/lib/gcc/xenon/4.7.1/../../../../xenon/bin/ld: cannot find -lX11
collect2: error: ld returned 1 exit status
configure:15941: $? = 1
configure: failed program was:
| /* confdefs.h */
| #define PACKAGE_NAME ""
| #define PACKAGE_TARNAME ""
| #define PACKAGE_VERSION ""
| #define PACKAGE_STRING ""
| #define PACKAGE_BUGREPORT ""
| #define PACKAGE_URL ""
| #define PACKAGE "SDL_gfx"
| #define VERSION "2.0.25"
| #define STDC_HEADERS 1
| #define HAVE_SYS_TYPES_H 1
| #define HAVE_SYS_STAT_H 1
| #define HAVE_STDLIB_H 1
| #define HAVE_STRING_H 1
| #define HAVE_STRINGS_H 1
| #define HAVE_INTTYPES_H 1
| #define HAVE_STDINT_H 1
| #define HAVE_UNISTD_H 1
| #define LT_OBJDIR ".libs/"
| /* end confdefs.h.  */
| 
| /* Override any GCC internal prototype to avoid an error.
|    Use char because int might match the return type of a GCC
|    builtin and then its argument prototype would still apply.  */
| #ifdef __cplusplus
| extern "C"
| #endif
| char dnet_ntoa ();
| int
| main ()
| {
| return dnet_ntoa ();
|   ;
|   return 0;
| }
configure:15950: result: no
configure:15957: checking for dnet_ntoa in -ldnet_stub
configure:15982: xenon-gcc -o conftest -mcpu=cell -mtune=cell -m32 -fno-pic -mpowerpc64 /usr/local/xenon/usr/lib/libxenon.a -L/usr/local/xenon/xenon/lib/32/ -T/usr/local/xenon/app.lds -u read -u _start -u exc_base -L/usr/local/xenon/usr/lib -I/usr/local/xenon/usr/include   conftest.c -ldnet_stub    -L/usr/lib -R/usr/lib -lX11 >&5
/usr/local/xenon/lib/gcc/xenon/4.7.1/../../../../xenon/bin/ld: cannot find -ldnet_stub
/usr/local/xenon/lib/gcc/xenon/4.7.1/../../../../xenon/bin/ld: skipping incompatible /usr/lib/libX11.so when searching for -lX11
/usr/local/xenon/lib/gcc/xenon/4.7.1/../../../../xenon/bin/ld: skipping incompatible /usr/lib/libX11.a when searching for -lX11
/usr/local/xenon/lib/gcc/xenon/4.7.1/../../../../xenon/bin/ld: cannot find -lX11
collect2: error: ld returned 1 exit status
configure:15982: $? = 1
configure: failed program was:
| /* confdefs.h */
| #define PACKAGE_NAME ""
| #define PACKAGE_TARNAME ""
| #define PACKAGE_VERSION ""
| #define PACKAGE_STRING ""
| #define PACKAGE_BUGREPORT ""
| #define PACKAGE_URL ""
| #define PACKAGE "SDL_gfx"
| #define VERSION "2.0.25"
| #define STDC_HEADERS 1
| #define HAVE_SYS_TYPES_H 1
| #define HAVE_SYS_STAT_H 1
| #define HAVE_STDLIB_H 1
| #define HAVE_STRING_H 1
| #define HAVE_STRINGS_H 1
| #define HAVE_INTTYPES_H 1
| #define HAVE_STDINT_H 1
| #define HAVE_UNISTD_H 1
| #define LT_OBJDIR ".libs/"
| /* end confdefs.h.  */
| 
| /* Override any GCC internal prototype to avoid an error.
|    Use char because int might match the return type of a GCC
|    builtin and then its argument prototype would still apply.  */
| #ifdef __cplusplus
| extern "C"
| #endif
| char dnet_ntoa ();
| int
| main ()
| {
| return dnet_ntoa ();
|   ;
|   return 0;
| }
configure:15991: result: no
configure:16011: checking for gethostbyname
configure:16011: xenon-gcc -o conftest -mcpu=cell -mtune=cell -m32 -fno-pic -mpowerpc64 /usr/local/xenon/usr/lib/libxenon.a -L/usr/local/xenon/xenon/lib/32/ -T/usr/local/xenon/app.lds -u read -u _start -u exc_base -L/usr/local/xenon/usr/lib -I/usr/local/xenon/usr/include   conftest.c  >&5
/tmp/cciO5hte.o: In function `main':
conftest.c:(.text+0x14): undefined reference to `gethostbyname'
collect2: error: ld returned 1 exit status
configure:16011: $? = 1
configure: failed program was:
| /* confdefs.h */
| #define PACKAGE_NAME ""
| #define PACKAGE_TARNAME ""
| #define PACKAGE_VERSION ""
| #define PACKAGE_STRING ""
| #define PACKAGE_BUGREPORT ""
| #define PACKAGE_URL ""
| #define PACKAGE "SDL_gfx"
| #define VERSION "2.0.25"
| #define STDC_HEADERS 1
| #define HAVE_SYS_TYPES_H 1
| #define HAVE_SYS_STAT_H 1
| #define HAVE_STDLIB_H 1
| #define HAVE_STRING_H 1
| #define HAVE_STRINGS_H 1
| #define HAVE_INTTYPES_H 1
| #define HAVE_STDINT_H 1
| #define HAVE_UNISTD_H 1
| #define LT_OBJDIR ".libs/"
| /* end confdefs.h.  */
| /* Define gethostbyname to an innocuous variant, in case <limits.h> declares gethostbyname.
|    For example, HP-UX 11i <limits.h> declares gettimeofday.  */
| #define gethostbyname innocuous_gethostbyname
| 
| /* System header to define __stub macros and hopefully few prototypes,
|     which can conflict with char gethostbyname (); below.
|     Prefer <limits.h> to <assert.h> if __STDC__ is defined, since
|     <limits.h> exists even on freestanding compilers.  */
| 
| #ifdef __STDC__
| # include <limits.h>
| #else
| # include <assert.h>
| #endif
| 
| #undef gethostbyname
| 
| /* Override any GCC internal prototype to avoid an error.
|    Use char because int might match the return type of a GCC
|    builtin and then its argument prototype would still apply.  */
| #ifdef __cplusplus
| extern "C"
| #endif
| char gethostbyname ();
| /* The GNU C library defines this for functions which it implements
|     to always fail with ENOSYS.  Some functions are actually named
|     something starting with __ and the normal name is an alias.  */
| #if defined __stub_gethostbyname || defined __stub___gethostbyname
| choke me
| #endif
| 
| int
| main ()
| {
| return gethostbyname ();
|   ;
|   return 0;
| }
configure:16011: result: no
configure:16017: checking for gethostbyname in -lnsl
configure:16042: xenon-gcc -o conftest -mcpu=cell -mtune=cell -m32 -fno-pic -mpowerpc64 /usr/local/xenon/usr/lib/libxenon.a -L/usr/local/xenon/xenon/lib/32/ -T/usr/local/xenon/app.lds -u read -u _start -u exc_base -L/usr/local/xenon/usr/lib -I/usr/local/xenon/usr/include   conftest.c -lnsl   >&5
/usr/local/xenon/lib/gcc/xenon/4.7.1/../../../../xenon/bin/ld: cannot find -lnsl
collect2: error: ld returned 1 exit status
configure:16042: $? = 1
configure: failed program was:
| /* confdefs.h */
| #define PACKAGE_NAME ""
| #define PACKAGE_TARNAME ""
| #define PACKAGE_VERSION ""
| #define PACKAGE_STRING ""
| #define PACKAGE_BUGREPORT ""
| #define PACKAGE_URL ""
| #define PACKAGE "SDL_gfx"
| #define VERSION "2.0.25"
| #define STDC_HEADERS 1
| #define HAVE_SYS_TYPES_H 1
| #define HAVE_SYS_STAT_H 1
| #define HAVE_STDLIB_H 1
| #define HAVE_STRING_H 1
| #define HAVE_STRINGS_H 1
| #define HAVE_INTTYPES_H 1
| #define HAVE_STDINT_H 1
| #define HAVE_UNISTD_H 1
| #define LT_OBJDIR ".libs/"
| /* end confdefs.h.  */
| 
| /* Override any GCC internal prototype to avoid an error.
|    Use char because int might match the return type of a GCC
|    builtin and then its argument prototype would still apply.  */
| #ifdef __cplusplus
| extern "C"
| #endif
| char gethostbyname ();
| int
| main ()
| {
| return gethostbyname ();
|   ;
|   return 0;
| }
configure:16051: result: no
configure:16058: checking for gethostbyname in -lbsd
configure:16083: xenon-gcc -o conftest -mcpu=cell -mtune=cell -m32 -fno-pic -mpowerpc64 /usr/local/xenon/usr/lib/libxenon.a -L/usr/local/xenon/xenon/lib/32/ -T/usr/local/xenon/app.lds -u read -u _start -u exc_base -L/usr/local/xenon/usr/lib -I/usr/local/xenon/usr/include   conftest.c -lbsd   >&5
/usr/local/xenon/lib/gcc/xenon/4.7.1/../../../../xenon/bin/ld: cannot find -lbsd
collect2: error: ld returned 1 exit status
configure:16083: $? = 1
configure: failed program was:
| /* confdefs.h */
| #define PACKAGE_NAME ""
| #define PACKAGE_TARNAME ""
| #define PACKAGE_VERSION ""
| #define PACKAGE_STRING ""
| #define PACKAGE_BUGREPORT ""
| #define PACKAGE_URL ""
| #define PACKAGE "SDL_gfx"
| #define VERSION "2.0.25"
| #define STDC_HEADERS 1
| #define HAVE_SYS_TYPES_H 1
| #define HAVE_SYS_STAT_H 1
| #define HAVE_STDLIB_H 1
| #define HAVE_STRING_H 1
| #define HAVE_STRINGS_H 1
| #define HAVE_INTTYPES_H 1
| #define HAVE_STDINT_H 1
| #define HAVE_UNISTD_H 1
| #define LT_OBJDIR ".libs/"
| /* end confdefs.h.  */
| 
| /* Override any GCC internal prototype to avoid an error.
|    Use char because int might match the return type of a GCC
|    builtin and then its argument prototype would still apply.  */
| #ifdef __cplusplus
| extern "C"
| #endif
| char gethostbyname ();
| int
| main ()
| {
| return gethostbyname ();
|   ;
|   return 0;
| }
configure:16092: result: no
configure:16108: checking for connect
configure:16108: xenon-gcc -o conftest -mcpu=cell -mtune=cell -m32 -fno-pic -mpowerpc64 /usr/local/xenon/usr/lib/libxenon.a -L/usr/local/xenon/xenon/lib/32/ -T/usr/local/xenon/app.lds -u read -u _start -u exc_base -L/usr/local/xenon/usr/lib -I/usr/local/xenon/usr/include   conftest.c  >&5
/tmp/ccmNt3Gw.o: In function `main':
conftest.c:(.text+0x14): undefined reference to `connect'
collect2: error: ld returned 1 exit status
configure:16108: $? = 1
configure: failed program was:
| /* confdefs.h */
| #define PACKAGE_NAME ""
| #define PACKAGE_TARNAME ""
| #define PACKAGE_VERSION ""
| #define PACKAGE_STRING ""
| #define PACKAGE_BUGREPORT ""
| #define PACKAGE_URL ""
| #define PACKAGE "SDL_gfx"
| #define VERSION "2.0.25"
| #define STDC_HEADERS 1
| #define HAVE_SYS_TYPES_H 1
| #define HAVE_SYS_STAT_H 1
| #define HAVE_STDLIB_H 1
| #define HAVE_STRING_H 1
| #define HAVE_STRINGS_H 1
| #define HAVE_INTTYPES_H 1
| #define HAVE_STDINT_H 1
| #define HAVE_UNISTD_H 1
| #define LT_OBJDIR ".libs/"
| /* end confdefs.h.  */
| /* Define connect to an innocuous variant, in case <limits.h> declares connect.
|    For example, HP-UX 11i <limits.h> declares gettimeofday.  */
| #define connect innocuous_connect
| 
| /* System header to define __stub macros and hopefully few prototypes,
|     which can conflict with char connect (); below.
|     Prefer <limits.h> to <assert.h> if __STDC__ is defined, since
|     <limits.h> exists even on freestanding compilers.  */
| 
| #ifdef __STDC__
| # include <limits.h>
| #else
| # include <assert.h>
| #endif
| 
| #undef connect
| 
| /* Override any GCC internal prototype to avoid an error.
|    Use char because int might match the return type of a GCC
|    builtin and then its argument prototype would still apply.  */
| #ifdef __cplusplus
| extern "C"
| #endif
| char connect ();
| /* The GNU C library defines this for functions which it implements
|     to always fail with ENOSYS.  Some functions are actually named
|     something starting with __ and the normal name is an alias.  */
| #if defined __stub_connect || defined __stub___connect
| choke me
| #endif
| 
| int
| main ()
| {
| return connect ();
|   ;
|   return 0;
| }
configure:16108: result: no
configure:16114: checking for connect in -lsocket
configure:16139: xenon-gcc -o conftest -mcpu=cell -mtune=cell -m32 -fno-pic -mpowerpc64 /usr/local/xenon/usr/lib/libxenon.a -L/usr/local/xenon/xenon/lib/32/ -T/usr/local/xenon/app.lds -u read -u _start -u exc_base -L/usr/local/xenon/usr/lib -I/usr/local/xenon/usr/include   conftest.c -lsocket   >&5
/usr/local/xenon/lib/gcc/xenon/4.7.1/../../../../xenon/bin/ld: cannot find -lsocket
collect2: error: ld returned 1 exit status
configure:16139: $? = 1
configure: failed program was:
| /* confdefs.h */
| #define PACKAGE_NAME ""
| #define PACKAGE_TARNAME ""
| #define PACKAGE_VERSION ""
| #define PACKAGE_STRING ""
| #define PACKAGE_BUGREPORT ""
| #define PACKAGE_URL ""
| #define PACKAGE "SDL_gfx"
| #define VERSION "2.0.25"
| #define STDC_HEADERS 1
| #define HAVE_SYS_TYPES_H 1
| #define HAVE_SYS_STAT_H 1
| #define HAVE_STDLIB_H 1
| #define HAVE_STRING_H 1
| #define HAVE_STRINGS_H 1
| #define HAVE_INTTYPES_H 1
| #define HAVE_STDINT_H 1
| #define HAVE_UNISTD_H 1
| #define LT_OBJDIR ".libs/"
| /* end confdefs.h.  */
| 
| /* Override any GCC internal prototype to avoid an error.
|    Use char because int might match the return type of a GCC
|    builtin and then its argument prototype would still apply.  */
| #ifdef __cplusplus
| extern "C"
| #endif
| char connect ();
| int
| main ()
| {
| return connect ();
|   ;
|   return 0;
| }
configure:16148: result: no
configure:16157: checking for remove
configure:16157: xenon-gcc -o conftest -mcpu=cell -mtune=cell -m32 -fno-pic -mpowerpc64 /usr/local/xenon/usr/lib/libxenon.a -L/usr/local/xenon/xenon/lib/32/ -T/usr/local/xenon/app.lds -u read -u _start -u exc_base -L/usr/local/xenon/usr/lib -I/usr/local/xenon/usr/include   conftest.c  >&5
configure:16157: $? = 0
configure:16157: result: yes
configure:16206: checking for shmat
configure:16206: xenon-gcc -o conftest -mcpu=cell -mtune=cell -m32 -fno-pic -mpowerpc64 /usr/local/xenon/usr/lib/libxenon.a -L/usr/local/xenon/xenon/lib/32/ -T/usr/local/xenon/app.lds -u read -u _start -u exc_base -L/usr/local/xenon/usr/lib -I/usr/local/xenon/usr/include   conftest.c  >&5
/tmp/cczlMxLO.o: In function `main':
conftest.c:(.text+0x14): undefined reference to `shmat'
collect2: error: ld returned 1 exit status
configure:16206: $? = 1
configure: failed program was:
| /* confdefs.h */
| #define PACKAGE_NAME ""
| #define PACKAGE_TARNAME ""
| #define PACKAGE_VERSION ""
| #define PACKAGE_STRING ""
| #define PACKAGE_BUGREPORT ""
| #define PACKAGE_URL ""
| #define PACKAGE "SDL_gfx"
| #define VERSION "2.0.25"
| #define STDC_HEADERS 1
| #define HAVE_SYS_TYPES_H 1
| #define HAVE_SYS_STAT_H 1
| #define HAVE_STDLIB_H 1
| #define HAVE_STRING_H 1
| #define HAVE_STRINGS_H 1
| #define HAVE_INTTYPES_H 1
| #define HAVE_STDINT_H 1
| #define HAVE_UNISTD_H 1
| #define LT_OBJDIR ".libs/"
| /* end confdefs.h.  */
| /* Define shmat to an innocuous variant, in case <limits.h> declares shmat.
|    For example, HP-UX 11i <limits.h> declares gettimeofday.  */
| #define shmat innocuous_shmat
| 
| /* System header to define __stub macros and hopefully few prototypes,
|     which can conflict with char shmat (); below.
|     Prefer <limits.h> to <assert.h> if __STDC__ is defined, since
|     <limits.h> exists even on freestanding compilers.  */
| 
| #ifdef __STDC__
| # include <limits.h>
| #else
| # include <assert.h>
| #endif
| 
| #undef shmat
| 
| /* Override any GCC internal prototype to avoid an error.
|    Use char because int might match the return type of a GCC
|    builtin and then its argument prototype would still apply.  */
| #ifdef __cplusplus
| extern "C"
| #endif
| char shmat ();
| /* The GNU C library defines this for functions which it implements
|     to always fail with ENOSYS.  Some functions are actually named
|     something starting with __ and the normal name is an alias.  */
| #if defined __stub_shmat || defined __stub___shmat
| choke me
| #endif
| 
| int
| main ()
| {
| return shmat ();
|   ;
|   return 0;
| }
configure:16206: result: no
configure:16212: checking for shmat in -lipc
configure:16237: xenon-gcc -o conftest -mcpu=cell -mtune=cell -m32 -fno-pic -mpowerpc64 /usr/local/xenon/usr/lib/libxenon.a -L/usr/local/xenon/xenon/lib/32/ -T/usr/local/xenon/app.lds -u read -u _start -u exc_base -L/usr/local/xenon/usr/lib -I/usr/local/xenon/usr/include   conftest.c -lipc   >&5
/usr/local/xenon/lib/gcc/xenon/4.7.1/../../../../xenon/bin/ld: cannot find -lipc
collect2: error: ld returned 1 exit status
configure:16237: $? = 1
configure: failed program was:
| /* confdefs.h */
| #define PACKAGE_NAME ""
| #define PACKAGE_TARNAME ""
| #define PACKAGE_VERSION ""
| #define PACKAGE_STRING ""
| #define PACKAGE_BUGREPORT ""
| #define PACKAGE_URL ""
| #define PACKAGE "SDL_gfx"
| #define VERSION "2.0.25"
| #define STDC_HEADERS 1
| #define HAVE_SYS_TYPES_H 1
| #define HAVE_SYS_STAT_H 1
| #define HAVE_STDLIB_H 1
| #define HAVE_STRING_H 1
| #define HAVE_STRINGS_H 1
| #define HAVE_INTTYPES_H 1
| #define HAVE_STDINT_H 1
| #define HAVE_UNISTD_H 1
| #define LT_OBJDIR ".libs/"
| /* end confdefs.h.  */
| 
| /* Override any GCC internal prototype to avoid an error.
|    Use char because int might match the return type of a GCC
|    builtin and then its argument prototype would still apply.  */
| #ifdef __cplusplus
| extern "C"
| #endif
| char shmat ();
| int
| main ()
| {
| return shmat ();
|   ;
|   return 0;
| }
configure:16246: result: no
configure:16264: checking for IceConnectionNumber in -lICE
configure:16289: xenon-gcc -o conftest -mcpu=cell -mtune=cell -m32 -fno-pic -mpowerpc64 /usr/local/xenon/usr/lib/libxenon.a -L/usr/local/xenon/xenon/lib/32/ -T/usr/local/xenon/app.lds -u read -u _start -u exc_base -L/usr/local/xenon/usr/lib -I/usr/local/xenon/usr/include   -L/usr/lib conftest.c -lICE   >&5
/usr/local/xenon/lib/gcc/xenon/4.7.1/../../../../xenon/bin/ld: skipping incompatible /usr/lib/libICE.so when searching for -lICE
/usr/local/xenon/lib/gcc/xenon/4.7.1/../../../../xenon/bin/ld: skipping incompatible /usr/lib/libICE.a when searching for -lICE
/usr/local/xenon/lib/gcc/xenon/4.7.1/../../../../xenon/bin/ld: cannot find -lICE
collect2: error: ld returned 1 exit status
configure:16289: $? = 1
configure: failed program was:
| /* confdefs.h */
| #define PACKAGE_NAME ""
| #define PACKAGE_TARNAME ""
| #define PACKAGE_VERSION ""
| #define PACKAGE_STRING ""
| #define PACKAGE_BUGREPORT ""
| #define PACKAGE_URL ""
| #define PACKAGE "SDL_gfx"
| #define VERSION "2.0.25"
| #define STDC_HEADERS 1
| #define HAVE_SYS_TYPES_H 1
| #define HAVE_SYS_STAT_H 1
| #define HAVE_STDLIB_H 1
| #define HAVE_STRING_H 1
| #define HAVE_STRINGS_H 1
| #define HAVE_INTTYPES_H 1
| #define HAVE_STDINT_H 1
| #define HAVE_UNISTD_H 1
| #define LT_OBJDIR ".libs/"
| /* end confdefs.h.  */
| 
| /* Override any GCC internal prototype to avoid an error.
|    Use char because int might match the return type of a GCC
|    builtin and then its argument prototype would still apply.  */
| #ifdef __cplusplus
| extern "C"
| #endif
| char IceConnectionNumber ();
| int
| main ()
| {
| return IceConnectionNumber ();
|   ;
|   return 0;
| }
configure:16298: result: no
configure:16325: checking size of long
configure:16330: xenon-gcc -c -mcpu=cell -mtune=cell -m32 -fno-pic -mpowerpc64 /usr/local/xenon/usr/lib/libxenon.a -L/usr/local/xenon/xenon/lib/32/ -T/usr/local/xenon/app.lds -u read -u _start -u exc_base -L/usr/local/xenon/usr/lib -I/usr/local/xenon/usr/include  conftest.c >&5
xenon-gcc: warning: /usr/local/xenon/usr/lib/libxenon.a: linker input file unused because linking not done
configure:16330: $? = 0
configure:16330: xenon-gcc -c -mcpu=cell -mtune=cell -m32 -fno-pic -mpowerpc64 /usr/local/xenon/usr/lib/libxenon.a -L/usr/local/xenon/xenon/lib/32/ -T/usr/local/xenon/app.lds -u read -u _start -u exc_base -L/usr/local/xenon/usr/lib -I/usr/local/xenon/usr/include  conftest.c >&5
conftest.c: In function 'main':
conftest.c:57:12: error: size of array 'test_array' is negative
configure:16330: $? = 1
configure: failed program was:
| /* confdefs.h */
| #define PACKAGE_NAME ""
| #define PACKAGE_TARNAME ""
| #define PACKAGE_VERSION ""
| #define PACKAGE_STRING ""
| #define PACKAGE_BUGREPORT ""
| #define PACKAGE_URL ""
| #define PACKAGE "SDL_gfx"
| #define VERSION "2.0.25"
| #define STDC_HEADERS 1
| #define HAVE_SYS_TYPES_H 1
| #define HAVE_SYS_STAT_H 1
| #define HAVE_STDLIB_H 1
| #define HAVE_STRING_H 1
| #define HAVE_STRINGS_H 1
| #define HAVE_INTTYPES_H 1
| #define HAVE_STDINT_H 1
| #define HAVE_UNISTD_H 1
| #define LT_OBJDIR ".libs/"
| /* end confdefs.h.  */
| #include <stdio.h>
| #ifdef HAVE_SYS_TYPES_H
| # include <sys/types.h>
| #endif
| #ifdef HAVE_SYS_STAT_H
| # include <sys/stat.h>
| #endif
| #ifdef STDC_HEADERS
| # include <stdlib.h>
| # include <stddef.h>
| #else
| # ifdef HAVE_STDLIB_H
| #  include <stdlib.h>
| # endif
| #endif
| #ifdef HAVE_STRING_H
| # if !defined STDC_HEADERS && defined HAVE_MEMORY_H
| #  include <memory.h>
| # endif
| # include <string.h>
| #endif
| #ifdef HAVE_STRINGS_H
| # include <strings.h>
| #endif
| #ifdef HAVE_INTTYPES_H
| # include <inttypes.h>
| #endif
| #ifdef HAVE_STDINT_H
| # include <stdint.h>
| #endif
| #ifdef HAVE_UNISTD_H
| # include <unistd.h>
| #endif
| int
| main ()
| {
| static int test_array [1 - 2 * !(((long int) (sizeof (long))) <= 0)];
| test_array [0] = 0
| 
|   ;
|   return 0;
| }
configure:16330: xenon-gcc -c -mcpu=cell -mtune=cell -m32 -fno-pic -mpowerpc64 /usr/local/xenon/usr/lib/libxenon.a -L/usr/local/xenon/xenon/lib/32/ -T/usr/local/xenon/app.lds -u read -u _start -u exc_base -L/usr/local/xenon/usr/lib -I/usr/local/xenon/usr/include  conftest.c >&5
conftest.c: In function 'main':
conftest.c:57:12: error: size of array 'test_array' is negative
configure:16330: $? = 1
configure: failed program was:
| /* confdefs.h */
| #define PACKAGE_NAME ""
| #define PACKAGE_TARNAME ""
| #define PACKAGE_VERSION ""
| #define PACKAGE_STRING ""
| #define PACKAGE_BUGREPORT ""
| #define PACKAGE_URL ""
| #define PACKAGE "SDL_gfx"
| #define VERSION "2.0.25"
| #define STDC_HEADERS 1
| #define HAVE_SYS_TYPES_H 1
| #define HAVE_SYS_STAT_H 1
| #define HAVE_STDLIB_H 1
| #define HAVE_STRING_H 1
| #define HAVE_STRINGS_H 1
| #define HAVE_INTTYPES_H 1
| #define HAVE_STDINT_H 1
| #define HAVE_UNISTD_H 1
| #define LT_OBJDIR ".libs/"
| /* end confdefs.h.  */
| #include <stdio.h>
| #ifdef HAVE_SYS_TYPES_H
| # include <sys/types.h>
| #endif
| #ifdef HAVE_SYS_STAT_H
| # include <sys/stat.h>
| #endif
| #ifdef STDC_HEADERS
| # include <stdlib.h>
| # include <stddef.h>
| #else
| # ifdef HAVE_STDLIB_H
| #  include <stdlib.h>
| # endif
| #endif
| #ifdef HAVE_STRING_H
| # if !defined STDC_HEADERS && defined HAVE_MEMORY_H
| #  include <memory.h>
| # endif
| # include <string.h>
| #endif
| #ifdef HAVE_STRINGS_H
| # include <strings.h>
| #endif
| #ifdef HAVE_INTTYPES_H
| # include <inttypes.h>
| #endif
| #ifdef HAVE_STDINT_H
| # include <stdint.h>
| #endif
| #ifdef HAVE_UNISTD_H
| # include <unistd.h>
| #endif
| int
| main ()
| {
| static int test_array [1 - 2 * !(((long int) (sizeof (long))) <= 1)];
| test_array [0] = 0
| 
|   ;
|   return 0;
| }
configure:16330: xenon-gcc -c -mcpu=cell -mtune=cell -m32 -fno-pic -mpowerpc64 /usr/local/xenon/usr/lib/libxenon.a -L/usr/local/xenon/xenon/lib/32/ -T/usr/local/xenon/app.lds -u read -u _start -u exc_base -L/usr/local/xenon/usr/lib -I/usr/local/xenon/usr/include  conftest.c >&5
conftest.c: In function 'main':
conftest.c:57:12: error: size of array 'test_array' is negative
configure:16330: $? = 1
configure: failed program was:
| /* confdefs.h */
| #define PACKAGE_NAME ""
| #define PACKAGE_TARNAME ""
| #define PACKAGE_VERSION ""
| #define PACKAGE_STRING ""
| #define PACKAGE_BUGREPORT ""
| #define PACKAGE_URL ""
| #define PACKAGE "SDL_gfx"
| #define VERSION "2.0.25"
| #define STDC_HEADERS 1
| #define HAVE_SYS_TYPES_H 1
| #define HAVE_SYS_STAT_H 1
| #define HAVE_STDLIB_H 1
| #define HAVE_STRING_H 1
| #define HAVE_STRINGS_H 1
| #define HAVE_INTTYPES_H 1
| #define HAVE_STDINT_H 1
| #define HAVE_UNISTD_H 1
| #define LT_OBJDIR ".libs/"
| /* end confdefs.h.  */
| #include <stdio.h>
| #ifdef HAVE_SYS_TYPES_H
| # include <sys/types.h>
| #endif
| #ifdef HAVE_SYS_STAT_H
| # include <sys/stat.h>
| #endif
| #ifdef STDC_HEADERS
| # include <stdlib.h>
| # include <stddef.h>
| #else
| # ifdef HAVE_STDLIB_H
| #  include <stdlib.h>
| # endif
| #endif
| #ifdef HAVE_STRING_H
| # if !defined STDC_HEADERS && defined HAVE_MEMORY_H
| #  include <memory.h>
| # endif
| # include <string.h>
| #endif
| #ifdef HAVE_STRINGS_H
| # include <strings.h>
| #endif
| #ifdef HAVE_INTTYPES_H
| # include <inttypes.h>
| #endif
| #ifdef HAVE_STDINT_H
| # include <stdint.h>
| #endif
| #ifdef HAVE_UNISTD_H
| # include <unistd.h>
| #endif
| int
| main ()
| {
| static int test_array [1 - 2 * !(((long int) (sizeof (long))) <= 3)];
| test_array [0] = 0
| 
|   ;
|   return 0;
| }
configure:16330: xenon-gcc -c -mcpu=cell -mtune=cell -m32 -fno-pic -mpowerpc64 /usr/local/xenon/usr/lib/libxenon.a -L/usr/local/xenon/xenon/lib/32/ -T/usr/local/xenon/app.lds -u read -u _start -u exc_base -L/usr/local/xenon/usr/lib -I/usr/local/xenon/usr/include  conftest.c >&5
xenon-gcc: warning: /usr/local/xenon/usr/lib/libxenon.a: linker input file unused because linking not done
configure:16330: $? = 0
configure:16330: xenon-gcc -c -mcpu=cell -mtune=cell -m32 -fno-pic -mpowerpc64 /usr/local/xenon/usr/lib/libxenon.a -L/usr/local/xenon/xenon/lib/32/ -T/usr/local/xenon/app.lds -u read -u _start -u exc_base -L/usr/local/xenon/usr/lib -I/usr/local/xenon/usr/include  conftest.c >&5
xenon-gcc: warning: /usr/local/xenon/usr/lib/libxenon.a: linker input file unused because linking not done
configure:16330: $? = 0
configure:16330: xenon-gcc -c -mcpu=cell -mtune=cell -m32 -fno-pic -mpowerpc64 /usr/local/xenon/usr/lib/libxenon.a -L/usr/local/xenon/xenon/lib/32/ -T/usr/local/xenon/app.lds -u read -u _start -u exc_base -L/usr/local/xenon/usr/lib -I/usr/local/xenon/usr/include  conftest.c >&5
xenon-gcc: warning: /usr/local/xenon/usr/lib/libxenon.a: linker input file unused because linking not done
configure:16330: $? = 0
configure:16344: result: 4
configure:16405: checking for sdl-config
configure:16423: found /usr/bin/sdl-config
configure:16436: result: /usr/bin/sdl-config
configure:16446: checking for SDL - version >= 1.2.0
configure:16548: result: yes
configure:16793: creating ./config.status

## ---------------------- ##
## Running config.status. ##
## ---------------------- ##

This file was extended by config.status, which was
generated by GNU Autoconf 2.67.  Invocation command line was

  CONFIG_FILES    = 
  CONFIG_HEADERS  = 
  CONFIG_LINKS    = 
  CONFIG_COMMANDS = 
  $ ./config.status 

on crunchbang

config.status:1078: creating Makefile
config.status:1078: creating SDL_gfx.pc
config.status:1249: executing depfiles commands
config.status:1249: executing libtool commands

## ---------------- ##
## Cache variables. ##
## ---------------- ##

ac_cv_build=i686-pc-linux-gnu
ac_cv_c_compiler_gnu=yes
ac_cv_c_const=yes
ac_cv_cxx_compiler_gnu=yes
ac_cv_env_CCC_set=
ac_cv_env_CCC_value=
ac_cv_env_CC_set=set
ac_cv_env_CC_value=xenon-gcc
ac_cv_env_CFLAGS_set=set
ac_cv_env_CFLAGS_value='-mcpu=cell -mtune=cell -m32 -fno-pic -mpowerpc64 /usr/local/xenon/usr/lib/libxenon.a -L/usr/local/xenon/xenon/lib/32/ -T/usr/local/xenon/app.lds -u read -u _start -u exc_base -L/usr/local/xenon/usr/lib -I/usr/local/xenon/usr/include'
ac_cv_env_CPPFLAGS_set=
ac_cv_env_CPPFLAGS_value=
ac_cv_env_CPP_set=
ac_cv_env_CPP_value=
ac_cv_env_CXXCPP_set=
ac_cv_env_CXXCPP_value=
ac_cv_env_CXXFLAGS_set=
ac_cv_env_CXXFLAGS_value=
ac_cv_env_CXX_set=
ac_cv_env_CXX_value=
ac_cv_env_LDFLAGS_set=set
ac_cv_env_LDFLAGS_value=
ac_cv_env_LIBS_set=
ac_cv_env_LIBS_value=
ac_cv_env_XMKMF_set=
ac_cv_env_XMKMF_value=
ac_cv_env_build_alias_set=
ac_cv_env_build_alias_value=
ac_cv_env_host_alias_set=set
ac_cv_env_host_alias_value=xenon
ac_cv_env_target_alias_set=
ac_cv_env_target_alias_value=
ac_cv_func_connect=no
ac_cv_func_gethostbyname=no
ac_cv_func_remove=yes
ac_cv_func_shmat=no
ac_cv_have_x='have_x=yes	ac_x_includes='\''/usr/include'\''	ac_x_libraries='\''/usr/lib'\'''
ac_cv_header_dlfcn_h=no
ac_cv_header_inttypes_h=yes
ac_cv_header_memory_h=no
ac_cv_header_stdc=yes
ac_cv_header_stdint_h=yes
ac_cv_header_stdlib_h=yes
ac_cv_header_string_h=yes
ac_cv_header_strings_h=yes
ac_cv_header_sys_stat_h=yes
ac_cv_header_sys_types_h=yes
ac_cv_header_unistd_h=yes
ac_cv_host=powerpc64-unknown-elf
ac_cv_lib_ICE_IceConnectionNumber=no
ac_cv_lib_bsd_gethostbyname=no
ac_cv_lib_dnet_dnet_ntoa=no
ac_cv_lib_dnet_stub_dnet_ntoa=no
ac_cv_lib_ipc_shmat=no
ac_cv_lib_nsl_gethostbyname=no
ac_cv_lib_socket_connect=no
ac_cv_objext=o
ac_cv_path_EGREP='/bin/grep -E'
ac_cv_path_FGREP='/bin/grep -F'
ac_cv_path_GREP=/bin/grep
ac_cv_path_SDL_CONFIG=/usr/bin/sdl-config
ac_cv_path_SED=/bin/sed
ac_cv_path_install='/usr/bin/install -c'
ac_cv_path_mkdir=/bin/mkdir
ac_cv_prog_AR=xenon-ar
ac_cv_prog_AWK=gawk
ac_cv_prog_CC=xenon-gcc
ac_cv_prog_CPP='xenon-gcc -E'
ac_cv_prog_CXX=xenon-g++
ac_cv_prog_CXXCPP='xenon-g++ -E'
ac_cv_prog_OBJDUMP=objdump
ac_cv_prog_RANLIB=xenon-ranlib
ac_cv_prog_STRIP=xenon-strip
ac_cv_prog_cc_c89=
ac_cv_prog_cc_g=yes
ac_cv_prog_cxx_g=yes
ac_cv_prog_make_make_set=yes
ac_cv_sizeof_long=4
ac_cv_target=powerpc64-unknown-elf
am_cv_CC_dependencies_compiler_type=gcc3
am_cv_CXX_dependencies_compiler_type=gcc3
lt_cv_deplibs_check_method=unknown
lt_cv_file_magic_cmd='$MAGIC_CMD'
lt_cv_file_magic_test_file=
lt_cv_ld_reload_flag=-r
lt_cv_nm_interface='BSD nm'
lt_cv_objdir=.libs
lt_cv_path_LD=/usr/local/xenon/xenon/bin/ld
lt_cv_path_LDCXX=/usr/local/xenon/xenon/bin/ld
lt_cv_path_NM='/usr/local/xenon/bin/xenon-nm -B'
lt_cv_prog_compiler_c_o=yes
lt_cv_prog_compiler_c_o_CXX=yes
lt_cv_prog_compiler_pic_works=yes
lt_cv_prog_compiler_pic_works_CXX=yes
lt_cv_prog_compiler_rtti_exceptions=no
lt_cv_prog_compiler_static_works=yes
lt_cv_prog_compiler_static_works_CXX=no
lt_cv_prog_gnu_ld=yes
lt_cv_prog_gnu_ldcxx=yes
lt_cv_sys_global_symbol_pipe='sed -n -e '\''s/^.*[	 ]\([ABCDGIRSTW][ABCDGIRSTW]*\)[	 ][	 ]*\([_A-Za-z][_A-Za-z0-9]*\)$/\1 \2 \2/p'\'''
lt_cv_sys_global_symbol_to_c_name_address='sed -n -e '\''s/^: \([^ ]*\) $/  {\"\1\", (void *) 0},/p'\'' -e '\''s/^[ABCDGIRSTW]* \([^ ]*\) \([^ ]*\)$/  {"\2", (void *) \&\2},/p'\'''
lt_cv_sys_global_symbol_to_c_name_address_lib_prefix='sed -n -e '\''s/^: \([^ ]*\) $/  {\"\1\", (void *) 0},/p'\'' -e '\''s/^[ABCDGIRSTW]* \([^ ]*\) \(lib[^ ]*\)$/  {"\2", (void *) \&\2},/p'\'' -e '\''s/^[ABCDGIRSTW]* \([^ ]*\) \([^ ]*\)$/  {"lib\2", (void *) \&\2},/p'\'''
lt_cv_sys_global_symbol_to_cdecl='sed -n -e '\''s/^T .* \(.*\)$/extern int \1();/p'\'' -e '\''s/^[ABCDGIRSTW]* .* \(.*\)$/extern char \1;/p'\'''
lt_cv_sys_max_cmd_len=1572864

## ----------------- ##
## Output variables. ##
## ----------------- ##

ACLOCAL='${SHELL} /home/pos/Desktop/sdlgfx/missing --run aclocal-1.11'
AMDEPBACKSLASH='\'
AMDEP_FALSE='#'
AMDEP_TRUE=''
AMTAR='${SHELL} /home/pos/Desktop/sdlgfx/missing --run tar'
AR='xenon-ar'
AS='as'
AUTOCONF='${SHELL} /home/pos/Desktop/sdlgfx/missing --run autoconf'
AUTOHEADER='${SHELL} /home/pos/Desktop/sdlgfx/missing --run autoheader'
AUTOMAKE='${SHELL} /home/pos/Desktop/sdlgfx/missing --run automake-1.11'
AWK='gawk'
BINARY_AGE='10'
CC='xenon-gcc'
CCDEPMODE='depmode=gcc3'
CFLAGS='-mcpu=cell -mtune=cell -m32 -fno-pic -mpowerpc64 /usr/local/xenon/usr/lib/libxenon.a -L/usr/local/xenon/xenon/lib/32/ -T/usr/local/xenon/app.lds -u read -u _start -u exc_base -L/usr/local/xenon/usr/lib -I/usr/local/xenon/usr/include -O -DUSE_MMX -I/usr/include/SDL -D_GNU_SOURCE=1 -D_REENTRANT'
CPP='xenon-gcc -E'
CPPFLAGS=''
CXX='xenon-g++'
CXXCPP='xenon-g++ -E'
CXXDEPMODE='depmode=gcc3'
CXXFLAGS='-g -O2'
CYGPATH_W='echo'
DEFS='-DPACKAGE_NAME=\"\" -DPACKAGE_TARNAME=\"\" -DPACKAGE_VERSION=\"\" -DPACKAGE_STRING=\"\" -DPACKAGE_BUGREPORT=\"\" -DPACKAGE_URL=\"\" -DPACKAGE=\"SDL_gfx\" -DVERSION=\"2.0.25\" -DSTDC_HEADERS=1 -DHAVE_SYS_TYPES_H=1 -DHAVE_SYS_STAT_H=1 -DHAVE_STDLIB_H=1 -DHAVE_STRING_H=1 -DHAVE_STRINGS_H=1 -DHAVE_INTTYPES_H=1 -DHAVE_STDINT_H=1 -DHAVE_UNISTD_H=1 -DLT_OBJDIR=\".libs/\" -DSIZEOF_LONG=4'
DEPDIR='.deps'
DLLTOOL='dlltool'
DSYMUTIL=''
DUMPBIN=''
ECHO_C=''
ECHO_N='-n'
ECHO_T=''
EGREP='/bin/grep -E'
EXEEXT=''
FGREP='/bin/grep -F'
GREP='/bin/grep'
INSTALL_DATA='${INSTALL} -m 644'
INSTALL_PROGRAM='${INSTALL}'
INSTALL_SCRIPT='${INSTALL}'
INSTALL_STRIP_PROGRAM='$(install_sh) -c -s'
INTERFACE_AGE='1'
LD='/usr/local/xenon/xenon/bin/ld'
LDFLAGS=''
LIBOBJS=''
LIBS=' -lm -L/usr/lib -lSDL'
LIBTOOL='$(SHELL) $(top_builddir)/libtool'
LIPO=''
LN_S='ln -s'
LTLIBOBJS=''
LT_AGE='9'
LT_CURRENT='24'
LT_RELEASE='2.0'
LT_REVISION='1'
MAJOR_VERSION='2'
MAKEINFO='${SHELL} /home/pos/Desktop/sdlgfx/missing --run makeinfo'
MATHLIB='-lm'
MICRO_VERSION='25'
MINOR_VERSION='0'
MKDIR_P='/bin/mkdir -p'
NM='/usr/local/xenon/bin/xenon-nm -B'
NMEDIT=''
OBJDUMP='objdump'
OBJEXT='o'
OTOOL64=''
OTOOL=''
PACKAGE='SDL_gfx'
PACKAGE_BUGREPORT=''
PACKAGE_NAME=''
PACKAGE_STRING=''
PACKAGE_TARNAME=''
PACKAGE_URL=''
PACKAGE_VERSION=''
PATH_SEPARATOR=':'
RANLIB='xenon-ranlib'
SDL_CFLAGS='-I/usr/include/SDL -D_GNU_SOURCE=1 -D_REENTRANT'
SDL_CONFIG='/usr/bin/sdl-config'
SDL_LIBS='-L/usr/lib -lSDL'
SDL_VERSION='1.2.0'
SED='/bin/sed'
SET_MAKE=''
SHELL='/bin/bash'
STRIP='xenon-strip'
VERSION='2.0.25'
XMKMF=''
X_CFLAGS=' -I/usr/include'
X_EXTRA_LIBS=''
X_LIBS=' -L/usr/lib -R/usr/lib'
X_PRE_LIBS=''
ac_ct_CC=''
ac_ct_CXX=''
ac_ct_DUMPBIN=''
am__EXEEXT_FALSE=''
am__EXEEXT_TRUE='#'
am__fastdepCC_FALSE='#'
am__fastdepCC_TRUE=''
am__fastdepCXX_FALSE='#'
am__fastdepCXX_TRUE=''
am__include='include'
am__isrc=''
am__leading_dot='.'
am__quote=''
am__tar='${AMTAR} chof - "$$tardir"'
am__untar='${AMTAR} xf -'
bindir='${exec_prefix}/bin'
build='i686-pc-linux-gnu'
build_alias=''
build_cpu='i686'
build_os='linux-gnu'
build_vendor='pc'
datadir='${datarootdir}'
datarootdir='${prefix}/share'
docdir='${datarootdir}/doc/${PACKAGE}'
dvidir='${docdir}'
exec_prefix='${prefix}'
host='powerpc64-unknown-elf'
host_alias='xenon'
host_cpu='powerpc64'
host_os='elf'
host_vendor='unknown'
htmldir='${docdir}'
includedir='${prefix}/include'
infodir='${datarootdir}/info'
install_sh='${SHELL} /home/pos/Desktop/sdlgfx/install-sh'
libdir='${exec_prefix}/lib'
libexecdir='${exec_prefix}/libexec'
localedir='${datarootdir}/locale'
localstatedir='${prefix}/var'
lt_ECHO='echo'
mandir='${datarootdir}/man'
mkdir_p='/bin/mkdir -p'
oldincludedir='/usr/include'
pdfdir='${docdir}'
prefix='/usr/local/xenon/usr'
program_transform_name='s,x,x,'
psdir='${docdir}'
sbindir='${exec_prefix}/sbin'
sharedstatedir='${prefix}/com'
sysconfdir='${prefix}/etc'
target='powerpc64-unknown-elf'
target_alias=''
target_cpu='powerpc64'
target_os='elf'
target_vendor='unknown'

## ----------- ##
## confdefs.h. ##
## ----------- ##

/* confdefs.h */
#define PACKAGE_NAME ""
#define PACKAGE_TARNAME ""
#define PACKAGE_VERSION ""
#define PACKAGE_STRING ""
#define PACKAGE_BUGREPORT ""
#define PACKAGE_URL ""
#define PACKAGE "SDL_gfx"
#define VERSION "2.0.25"
#define STDC_HEADERS 1
#define HAVE_SYS_TYPES_H 1
#define HAVE_SYS_STAT_H 1
#define HAVE_STDLIB_H 1
#define HAVE_STRING_H 1
#define HAVE_STRINGS_H 1
#define HAVE_INTTYPES_H 1
#define HAVE_STDINT_H 1
#define HAVE_UNISTD_H 1
#define LT_OBJDIR ".libs/"
#define SIZEOF_LONG 4

configure: exit 0
